Determining if the pthread_create exist failed with the following output:
Change Dir: /home/luis/git/GameEngineSeriesCherno/cmake-build-debug/CMakeFiles/CMakeTmp

Run Build Command:"/usr/bin/make" "cmTC_1cd69/fast"
/usr/bin/make -f CMakeFiles/cmTC_1cd69.dir/build.make CMakeFiles/cmTC_1cd69.dir/build
make[1]: Entering directory '/home/luis/git/GameEngineSeriesCherno/cmake-build-debug/CMakeFiles/CMakeTmp'
Building C object CMakeFiles/cmTC_1cd69.dir/CheckSymbolExists.c.o
/usr/bin/clang-6.0    -o CMakeFiles/cmTC_1cd69.dir/CheckSymbolExists.c.o   -c /home/luis/git/GameEngineSeriesCherno/cmake-build-debug/CMakeFiles/CMakeTmp/CheckSymbolExists.c
Linking C executable cmTC_1cd69
/home/luis/clion-2018.3.1/bin/cmake/linux/bin/cmake -E cmake_link_script CMakeFiles/cmTC_1cd69.dir/link.txt --verbose=1
/usr/bin/clang-6.0      -rdynamic CMakeFiles/cmTC_1cd69.dir/CheckSymbolExists.c.o  -o cmTC_1cd69 
CMakeFiles/cmTC_1cd69.dir/CheckSymbolExists.c.o: In function `main':
CheckSymbolExists.c:(.text+0x19): undefined reference to `pthread_create'
clang: error: linker command failed with exit code 1 (use -v to see invocation)
CMakeFiles/cmTC_1cd69.dir/build.make:86: recipe for target 'cmTC_1cd69' failed
make[1]: *** [cmTC_1cd69] Error 1
make[1]: Leaving directory '/home/luis/git/GameEngineSeriesCherno/cmake-build-debug/CMakeFiles/CMakeTmp'
Makefile:121: recipe for target 'cmTC_1cd69/fast' failed
make: *** [cmTC_1cd69/fast] Error 2

File /home/luis/git/GameEngineSeriesCherno/cmake-build-debug/CMakeFiles/CMakeTmp/CheckSymbolExists.c:
/* */
#include <pthread.h>

int main(int argc, char** argv)
{
  (void)argv;
#ifndef pthread_create
  return ((int*)(&pthread_create))[argc];
#else
  (void)argc;
  return 0;
#endif
}

Determining if the function pthread_create exists in the pthreads failed with the following output:
Change Dir: /home/luis/git/GameEngineSeriesCherno/cmake-build-debug/CMakeFiles/CMakeTmp

Run Build Command:"/usr/bin/make" "cmTC_81017/fast"
/usr/bin/make -f CMakeFiles/cmTC_81017.dir/build.make CMakeFiles/cmTC_81017.dir/build
make[1]: Entering directory '/home/luis/git/GameEngineSeriesCherno/cmake-build-debug/CMakeFiles/CMakeTmp'
Building C object CMakeFiles/cmTC_81017.dir/CheckFunctionExists.c.o
/usr/bin/clang-6.0   -DCHECK_FUNCTION_EXISTS=pthread_create   -o CMakeFiles/cmTC_81017.dir/CheckFunctionExists.c.o   -c /home/luis/clion-2018.3.1/bin/cmake/linux/share/cmake-3.13/Modules/CheckFunctionExists.c
Linking C executable cmTC_81017
/home/luis/clion-2018.3.1/bin/cmake/linux/bin/cmake -E cmake_link_script CMakeFiles/cmTC_81017.dir/link.txt --verbose=1
/usr/bin/clang-6.0  -DCHECK_FUNCTION_EXISTS=pthread_create    -rdynamic CMakeFiles/cmTC_81017.dir/CheckFunctionExists.c.o  -o cmTC_81017 -lpthreads 
/usr/bin/ld: cannot find -lpthreads
clang: error: linker command failed with exit code 1 (use -v to see invocation)
CMakeFiles/cmTC_81017.dir/build.make:86: recipe for target 'cmTC_81017' failed
make[1]: *** [cmTC_81017] Error 1
make[1]: Leaving directory '/home/luis/git/GameEngineSeriesCherno/cmake-build-debug/CMakeFiles/CMakeTmp'
Makefile:121: recipe for target 'cmTC_81017/fast' failed
make: *** [cmTC_81017/fast] Error 2


