Determining if the pthread_create exist failed with the following output:
Change Dir: /home/luis/git/GameEngineSeriesCherno/build/CMakeFiles/CMakeTmp

Run Build Command:"/usr/bin/make" "cmTC_f8abb/fast"
/usr/bin/make -f CMakeFiles/cmTC_f8abb.dir/build.make CMakeFiles/cmTC_f8abb.dir/build
make[1]: Entering directory '/home/luis/git/GameEngineSeriesCherno/build/CMakeFiles/CMakeTmp'
Building C object CMakeFiles/cmTC_f8abb.dir/CheckSymbolExists.c.o
/usr/bin/cc     -o CMakeFiles/cmTC_f8abb.dir/CheckSymbolExists.c.o   -c /home/luis/git/GameEngineSeriesCherno/build/CMakeFiles/CMakeTmp/CheckSymbolExists.c
Linking C executable cmTC_f8abb
/usr/bin/cmake -E cmake_link_script CMakeFiles/cmTC_f8abb.dir/link.txt --verbose=1
/usr/bin/cc       CMakeFiles/cmTC_f8abb.dir/CheckSymbolExists.c.o  -o cmTC_f8abb -rdynamic 
CMakeFiles/cmTC_f8abb.dir/CheckSymbolExists.c.o: In function `main':
CheckSymbolExists.c:(.text+0x16): undefined reference to `pthread_create'
collect2: error: ld returned 1 exit status
CMakeFiles/cmTC_f8abb.dir/build.make:97: recipe for target 'cmTC_f8abb' failed
make[1]: *** [cmTC_f8abb] Error 1
make[1]: Leaving directory '/home/luis/git/GameEngineSeriesCherno/build/CMakeFiles/CMakeTmp'
Makefile:126: recipe for target 'cmTC_f8abb/fast' failed
make: *** [cmTC_f8abb/fast] Error 2

File /home/luis/git/GameEngineSeriesCherno/build/CMakeFiles/CMakeTmp/CheckSymbolExists.c:
/* */
#include <pthread.h>

int main(int argc, char** argv)
{
  (void)argv;
#ifndef pthread_create
  return ((int*)(&pthread_create))[argc];
#else
  (void)argc;
  return 0;
#endif
}

Determining if the function pthread_create exists in the pthreads failed with the following output:
Change Dir: /home/luis/git/GameEngineSeriesCherno/build/CMakeFiles/CMakeTmp

Run Build Command:"/usr/bin/make" "cmTC_0f12b/fast"
/usr/bin/make -f CMakeFiles/cmTC_0f12b.dir/build.make CMakeFiles/cmTC_0f12b.dir/build
make[1]: Entering directory '/home/luis/git/GameEngineSeriesCherno/build/CMakeFiles/CMakeTmp'
Building C object CMakeFiles/cmTC_0f12b.dir/CheckFunctionExists.c.o
/usr/bin/cc    -DCHECK_FUNCTION_EXISTS=pthread_create   -o CMakeFiles/cmTC_0f12b.dir/CheckFunctionExists.c.o   -c /usr/share/cmake-3.5/Modules/CheckFunctionExists.c
Linking C executable cmTC_0f12b
/usr/bin/cmake -E cmake_link_script CMakeFiles/cmTC_0f12b.dir/link.txt --verbose=1
/usr/bin/cc   -DCHECK_FUNCTION_EXISTS=pthread_create    CMakeFiles/cmTC_0f12b.dir/CheckFunctionExists.c.o  -o cmTC_0f12b -rdynamic -lpthreads 
/usr/bin/ld: cannot find -lpthreads
collect2: error: ld returned 1 exit status
CMakeFiles/cmTC_0f12b.dir/build.make:97: recipe for target 'cmTC_0f12b' failed
make[1]: *** [cmTC_0f12b] Error 1
make[1]: Leaving directory '/home/luis/git/GameEngineSeriesCherno/build/CMakeFiles/CMakeTmp'
Makefile:126: recipe for target 'cmTC_0f12b/fast' failed
make: *** [cmTC_0f12b/fast] Error 2


Determining if the pthread_create exist failed with the following output:
Change Dir: /home/luis/CLionProjects/GameEngineSeriesCherno/build/CMakeFiles/CMakeTmp

Run Build Command:"/usr/bin/make" "cmTC_10840/fast"
/usr/bin/make -f CMakeFiles/cmTC_10840.dir/build.make CMakeFiles/cmTC_10840.dir/build
make[1]: Entering directory '/home/luis/CLionProjects/GameEngineSeriesCherno/build/CMakeFiles/CMakeTmp'
Building C object CMakeFiles/cmTC_10840.dir/CheckSymbolExists.c.o
/usr/bin/cc    -o CMakeFiles/cmTC_10840.dir/CheckSymbolExists.c.o   -c /home/luis/CLionProjects/GameEngineSeriesCherno/build/CMakeFiles/CMakeTmp/CheckSymbolExists.c
Linking C executable cmTC_10840
/usr/bin/cmake -E cmake_link_script CMakeFiles/cmTC_10840.dir/link.txt --verbose=1
/usr/bin/cc      -rdynamic CMakeFiles/cmTC_10840.dir/CheckSymbolExists.c.o  -o cmTC_10840 
CMakeFiles/cmTC_10840.dir/CheckSymbolExists.c.o: In function `main':
CheckSymbolExists.c:(.text+0x1b): undefined reference to `pthread_create'
collect2: error: ld returned 1 exit status
CMakeFiles/cmTC_10840.dir/build.make:97: recipe for target 'cmTC_10840' failed
make[1]: *** [cmTC_10840] Error 1
make[1]: Leaving directory '/home/luis/CLionProjects/GameEngineSeriesCherno/build/CMakeFiles/CMakeTmp'
Makefile:126: recipe for target 'cmTC_10840/fast' failed
make: *** [cmTC_10840/fast] Error 2

File /home/luis/CLionProjects/GameEngineSeriesCherno/build/CMakeFiles/CMakeTmp/CheckSymbolExists.c:
/* */
#include <pthread.h>

int main(int argc, char** argv)
{
  (void)argv;
#ifndef pthread_create
  return ((int*)(&pthread_create))[argc];
#else
  (void)argc;
  return 0;
#endif
}

Determining if the function pthread_create exists in the pthreads failed with the following output:
Change Dir: /home/luis/CLionProjects/GameEngineSeriesCherno/build/CMakeFiles/CMakeTmp

Run Build Command:"/usr/bin/make" "cmTC_ab8b2/fast"
/usr/bin/make -f CMakeFiles/cmTC_ab8b2.dir/build.make CMakeFiles/cmTC_ab8b2.dir/build
make[1]: Entering directory '/home/luis/CLionProjects/GameEngineSeriesCherno/build/CMakeFiles/CMakeTmp'
Building C object CMakeFiles/cmTC_ab8b2.dir/CheckFunctionExists.c.o
/usr/bin/cc   -DCHECK_FUNCTION_EXISTS=pthread_create   -o CMakeFiles/cmTC_ab8b2.dir/CheckFunctionExists.c.o   -c /usr/share/cmake-3.10/Modules/CheckFunctionExists.c
Linking C executable cmTC_ab8b2
/usr/bin/cmake -E cmake_link_script CMakeFiles/cmTC_ab8b2.dir/link.txt --verbose=1
/usr/bin/cc  -DCHECK_FUNCTION_EXISTS=pthread_create    -rdynamic CMakeFiles/cmTC_ab8b2.dir/CheckFunctionExists.c.o  -o cmTC_ab8b2 -lpthreads 
/usr/bin/ld: cannot find -lpthreads
collect2: error: ld returned 1 exit status
CMakeFiles/cmTC_ab8b2.dir/build.make:97: recipe for target 'cmTC_ab8b2' failed
make[1]: *** [cmTC_ab8b2] Error 1
make[1]: Leaving directory '/home/luis/CLionProjects/GameEngineSeriesCherno/build/CMakeFiles/CMakeTmp'
Makefile:126: recipe for target 'cmTC_ab8b2/fast' failed
make: *** [cmTC_ab8b2/fast] Error 2


Determining if the pthread_create exist failed with the following output:
Change Dir: /home/luis/git/GameEngineSeriesCherno/build/CMakeFiles/CMakeTmp

Run Build Command:"/usr/bin/make" "cmTC_7172f/fast"
/usr/bin/make -f CMakeFiles/cmTC_7172f.dir/build.make CMakeFiles/cmTC_7172f.dir/build
make[1]: Entering directory '/home/luis/git/GameEngineSeriesCherno/build/CMakeFiles/CMakeTmp'
Building C object CMakeFiles/cmTC_7172f.dir/CheckSymbolExists.c.o
/usr/bin/cc    -o CMakeFiles/cmTC_7172f.dir/CheckSymbolExists.c.o   -c /home/luis/git/GameEngineSeriesCherno/build/CMakeFiles/CMakeTmp/CheckSymbolExists.c
Linking C executable cmTC_7172f
/usr/bin/cmake -E cmake_link_script CMakeFiles/cmTC_7172f.dir/link.txt --verbose=1
/usr/bin/cc      -rdynamic CMakeFiles/cmTC_7172f.dir/CheckSymbolExists.c.o  -o cmTC_7172f 
CMakeFiles/cmTC_7172f.dir/CheckSymbolExists.c.o: In function `main':
CheckSymbolExists.c:(.text+0x1b): undefined reference to `pthread_create'
collect2: error: ld returned 1 exit status
CMakeFiles/cmTC_7172f.dir/build.make:97: recipe for target 'cmTC_7172f' failed
make[1]: *** [cmTC_7172f] Error 1
make[1]: Leaving directory '/home/luis/git/GameEngineSeriesCherno/build/CMakeFiles/CMakeTmp'
Makefile:126: recipe for target 'cmTC_7172f/fast' failed
make: *** [cmTC_7172f/fast] Error 2

File /home/luis/git/GameEngineSeriesCherno/build/CMakeFiles/CMakeTmp/CheckSymbolExists.c:
/* */
#include <pthread.h>

int main(int argc, char** argv)
{
  (void)argv;
#ifndef pthread_create
  return ((int*)(&pthread_create))[argc];
#else
  (void)argc;
  return 0;
#endif
}

Determining if the function pthread_create exists in the pthreads failed with the following output:
Change Dir: /home/luis/git/GameEngineSeriesCherno/build/CMakeFiles/CMakeTmp

Run Build Command:"/usr/bin/make" "cmTC_3444a/fast"
/usr/bin/make -f CMakeFiles/cmTC_3444a.dir/build.make CMakeFiles/cmTC_3444a.dir/build
make[1]: Entering directory '/home/luis/git/GameEngineSeriesCherno/build/CMakeFiles/CMakeTmp'
Building C object CMakeFiles/cmTC_3444a.dir/CheckFunctionExists.c.o
/usr/bin/cc   -DCHECK_FUNCTION_EXISTS=pthread_create   -o CMakeFiles/cmTC_3444a.dir/CheckFunctionExists.c.o   -c /usr/share/cmake-3.10/Modules/CheckFunctionExists.c
Linking C executable cmTC_3444a
/usr/bin/cmake -E cmake_link_script CMakeFiles/cmTC_3444a.dir/link.txt --verbose=1
/usr/bin/cc  -DCHECK_FUNCTION_EXISTS=pthread_create    -rdynamic CMakeFiles/cmTC_3444a.dir/CheckFunctionExists.c.o  -o cmTC_3444a -lpthreads 
/usr/bin/ld: cannot find -lpthreads
collect2: error: ld returned 1 exit status
CMakeFiles/cmTC_3444a.dir/build.make:97: recipe for target 'cmTC_3444a' failed
make[1]: *** [cmTC_3444a] Error 1
make[1]: Leaving directory '/home/luis/git/GameEngineSeriesCherno/build/CMakeFiles/CMakeTmp'
Makefile:126: recipe for target 'cmTC_3444a/fast' failed
make: *** [cmTC_3444a/fast] Error 2


